[    0.000000] Initializing cgroup subsys cpuset
[    0.000000] Initializing cgroup subsys cpu
[    0.000000] Initializing cgroup subsys cpuacct
[    0.000000] Linux version 4.4.0-91-generic (buildd@lcy01-11) (gcc version 5.4.0 20160609 (Ubuntu 5.4.0-6ubuntu1~16.04.4) ) #114-Ubuntu SMP Tue Aug 8 11:56:56 UTC 2017 (Ubuntu 4.4.0-91.114-generic 4.4.76)
[    0.000000] Command line: BOOT_IMAGE=/boot/vmlinuz-4.4.0-91-generic root=LABEL=cloudimg-rootfs ro console=tty1 console=ttyS0
[    0.000000] KERNEL supported cpus:
[    0.000000]   Intel GenuineIntel
[    0.000000]   AMD AuthenticAMD
[    0.000000]   Centaur CentaurHauls
[    0.000000] x86/fpu: xstate_offset[2]:  576, xstate_sizes[2]:  256
[    0.000000] x86/fpu: Supporting XSAVE feature 0x01: 'x87 floating point registers'
[    0.000000] x86/fpu: Supporting XSAVE feature 0x02: 'SSE registers'
[    0.000000] x86/fpu: Supporting XSAVE feature 0x04: 'AVX registers'
[    0.000000] x86/fpu: Enabled xstate features 0x7, context size is 832 bytes, using 'standard' format.
[    0.000000] x86/fpu: Using 'lazy' FPU context switches.
[    0.000000] e820: BIOS-provided physical RAM map:
[    0.000000] BIOS-e820: [mem 0x0000000000000000-0x000000000009fbff] usable
[    0.000000] BIOS-e820: [mem 0x000000000009fc00-0x000000000009ffff] reserved
[    0.000000] BIOS-e820: [mem 0x00000000000f0000-0x00000000000fffff] reserved
[    0.000000] BIOS-e820: [mem 0x0000000000100000-0x000000003ffeffff] usable
[    0.000000] BIOS-e820: [mem 0x000000003fff0000-0x000000003fffffff] ACPI data
[    0.000000] BIOS-e820: [mem 0x00000000fec00000-0x00000000fec00fff] reserved
[    0.000000] BIOS-e820: [mem 0x00000000fee00000-0x00000000fee00fff] reserved
[    0.000000] BIOS-e820: [mem 0x00000000fffc0000-0x00000000ffffffff] reserved
[    0.000000] NX (Execute Disable) protection: active
[    0.000000] SMBIOS 2.5 present.
[    0.000000] Hypervisor detected: KVM
[    0.000000] e820: last_pfn = 0x3fff0 max_arch_pfn = 0x400000000
[    0.000000] MTRR: Disabled
[    0.000000] x86/PAT: MTRRs disabled, skipping PAT initialization too.
[    0.000000] x86/PAT: Configuration [0-7]: WB  WT  UC- UC  WB  WT  UC- UC  
[    0.000000] CPU MTRRs all blank - virtualized system.
[    0.000000] found SMP MP-table at [mem 0x0009fff0-0x0009ffff] mapped at [ffff88000009fff0]
[    0.000000] Scanning 1 areas for low memory corruption
[    0.000000] RAMDISK: [mem 0x36ac6000-0x3755afff]
[    0.000000] ACPI: Early table checksum verification disabled
[    0.000000] ACPI: RSDP 0x00000000000E0000 000024 (v02 VBOX  )
[    0.000000] ACPI: XSDT 0x000000003FFF0030 00003C (v01 VBOX   VBOXXSDT 00000001 ASL  00000061)
[    0.000000] ACPI: FACP 0x000000003FFF00F0 0000F4 (v04 VBOX   VBOXFACP 00000001 ASL  00000061)
[    0.000000] ACPI: DSDT 0x000000003FFF0470 0021C8 (v02 VBOX   VBOXBIOS 00000002 INTL 20160831)
[    0.000000] ACPI: FACS 0x000000003FFF0200 000040
[    0.000000] ACPI: FACS 0x000000003FFF0200 000040
[    0.000000] ACPI: APIC 0x000000003FFF0240 00005C (v02 VBOX   VBOXAPIC 00000001 ASL  00000061)
[    0.000000] ACPI: SSDT 0x000000003FFF02A0 0001CC (v01 VBOX   VBOXCPUT 00000002 INTL 20160831)
[    0.000000] No NUMA configuration found
[    0.000000] Faking a node at [mem 0x0000000000000000-0x000000003ffeffff]
[    0.000000] NODE_DATA(0) allocated [mem 0x3ffeb000-0x3ffeffff]
[    0.000000] kvm-clock: Using msrs 4b564d01 and 4b564d00
[    0.000000] kvm-clock: cpu 0, msr 0:3ffe3001, primary cpu clock
[    0.000000] kvm-clock: using sched offset of 3170544532 cycles
[    0.000000] clocksource: kvm-clock: mask: 0xffffffffffffffff max_cycles: 0x1cd42e4dffb, max_idle_ns: 881590591483 ns
[    0.000000] Zone ranges:
[    0.000000]   DMA      [mem 0x0000000000001000-0x0000000000ffffff]
[    0.000000]   DMA32    [mem 0x0000000001000000-0x000000003ffeffff]
[    0.000000]   Normal   empty
[    0.000000]   Device   empty
[    0.000000] Movable zone start for each node
[    0.000000] Early memory node ranges
[    0.000000]   node   0: [mem 0x0000000000001000-0x000000000009efff]
[    0.000000]   node   0: [mem 0x0000000000100000-0x000000003ffeffff]
[    0.000000] Initmem setup node 0 [mem 0x0000000000001000-0x000000003ffeffff]
[    0.000000] ACPI: PM-Timer IO Port: 0x4008
[    0.000000] IOAPIC[0]: apic_id 2, version 32, address 0xfec00000, GSI 0-23
[    0.000000] ACPI: INT_SRC_OVR (bus 0 bus_irq 0 global_irq 2 dfl dfl)
[    0.000000] ACPI: INT_SRC_OVR (bus 0 bus_irq 9 global_irq 9 high level)
[    0.000000] Using ACPI (MADT) for SMP configuration information
[    0.000000] smpboot: Allowing 2 CPUs, 0 hotplug CPUs
[    0.000000] PM: Registered nosave memory: [mem 0x00000000-0x00000fff]
[    0.000000] PM: Registered nosave memory: [mem 0x0009f000-0x0009ffff]
[    0.000000] PM: Registered nosave memory: [mem 0x000a0000-0x000effff]
[    0.000000] PM: Registered nosave memory: [mem 0x000f0000-0x000fffff]
[    0.000000] e820: [mem 0x40000000-0xfebfffff] available for PCI devices
[    0.000000] Booting paravirtualized kernel on KVM
[    0.000000] clocksource: refined-jiffies: mask: 0xffffffff max_cycles: 0xffffffff, max_idle_ns: 7645519600211568 ns
[    0.000000] setup_percpu: NR_CPUS:512 nr_cpumask_bits:512 nr_cpu_ids:2 nr_node_ids:1
[    0.000000] PERCPU: Embedded 33 pages/cpu @ffff88003fc00000 s98264 r8192 d28712 u1048576
[    0.000000] PV qspinlock hash table entries: 256 (order: 0, 4096 bytes)
[    0.000000] Built 1 zonelists in Node order, mobility grouping on.  Total pages: 257913
[    0.000000] Policy zone: DMA32
[    0.000000] Kernel command line: BOOT_IMAGE=/boot/vmlinuz-4.4.0-91-generic root=LABEL=cloudimg-rootfs ro console=tty1 console=ttyS0
[    0.000000] PID hash table entries: 4096 (order: 3, 32768 bytes)
[    0.000000] Memory: 1001740K/1048120K available (8474K kernel code, 1294K rwdata, 3984K rodata, 1488K init, 1316K bss, 46380K reserved, 0K cma-reserved)
[    0.000000] SLUB: HWalign=64, Order=0-3, MinObjects=0, CPUs=2, Nodes=1
[    0.000000] Hierarchical RCU implementation.
[    0.000000] 	Build-time adjustment of leaf fanout to 64.
[    0.000000] 	RCU restricting CPUs from NR_CPUS=512 to nr_cpu_ids=2.
[    0.000000] RCU: Adjusting geometry for rcu_fanout_leaf=64, nr_cpu_ids=2
[    0.000000] NR_IRQS:33024 nr_irqs:440 16
[    0.000000] Console: colour VGA+ 80x25
[    0.000000] console [tty1] enabled
[    0.000000] console [ttyS0] enabled
[    0.000000] tsc: Detected 2491.818 MHz processor
[    0.217041] Calibrating delay loop (skipped) preset value.. 4983.63 BogoMIPS (lpj=9967272)
[    0.218561] pid_max: default: 32768 minimum: 301
[    0.219361] ACPI: Core revision 20150930
[    0.221122] ACPI: 2 ACPI AML tables successfully acquired and loaded
[    0.222327] Security Framework initialized
[    0.223102] Yama: becoming mindful.
[    0.223791] AppArmor: AppArmor initialized
[    0.224652] Dentry cache hash table entries: 131072 (order: 8, 1048576 bytes)
[    0.225927] Inode-cache hash table entries: 65536 (order: 7, 524288 bytes)
[    0.234357] Mount-cache hash table entries: 2048 (order: 2, 16384 bytes)
[    0.239255] Mountpoint-cache hash table entries: 2048 (order: 2, 16384 bytes)
[    0.244956] Initializing cgroup subsys io
[    0.249215] Initializing cgroup subsys memory
[    0.259035] Initializing cgroup subsys devices
[    0.260116] Initializing cgroup subsys freezer
[    0.266427] Initializing cgroup subsys net_cls
[    0.298863] Initializing cgroup subsys perf_event
[    0.306181] Initializing cgroup subsys net_prio
[    0.307013] Initializing cgroup subsys hugetlb
[    0.307845] Initializing cgroup subsys pids
[    0.308751] CPU: Physical Processor ID: 0
[    0.320443] CPU: Processor Core ID: 0
[    0.321302] mce: CPU supports 0 MCE banks
[    0.328322] Last level iTLB entries: 4KB 512, 2MB 8, 4MB 8
[    0.329245] Last level dTLB entries: 4KB 512, 2MB 32, 4MB 32, 1GB 0
[    0.332315] Freeing SMP alternatives memory: 32K (ffffffff820b9000 - ffffffff820c1000)
[    0.342459] ftrace: allocating 32131 entries in 126 pages
[    0.411240] smpboot: APIC(0) Converting physical 0 to logical package 0
[    0.419617] smpboot: Max logical packages: 1
[    0.425920] x2apic enabled
[    0.456454] Switched APIC routing to physical x2apic.
[    0.465709] ..TIMER: vector=0x30 apic1=0 pin1=2 apic2=-1 pin2=-1
[    0.572170] smpboot: CPU0: Intel(R) Core(TM) i5-2520M CPU @ 2.50GHz (family: 0x6, model: 0x2a, stepping: 0x7)
[    0.582002] Performance Events: unsupported p6 CPU model 42 no PMU driver, software events only.
[    0.584040] KVM setup paravirtual spinlock
[    0.585654] x86: Booting SMP configuration:
[    0.598352] .... node  #0, CPUs:      #1
[    0.599417] kvm-clock: cpu 1, msr 0:3ffe3041, secondary cpu clock
[    0.601433] mce: CPU supports 0 MCE banks
[    0.603867] x86: Booted up 1 node, 2 CPUs
[    0.605113] smpboot: Total of 2 processors activated (9967.27 BogoMIPS)
[    0.606886] devtmpfs: initialized
[    0.609509] evm: security.selinux
[    0.612711] evm: security.SMACK64
[    0.613494] evm: security.SMACK64EXEC
[    0.614339] evm: security.SMACK64TRANSMUTE
[    0.616347] evm: security.SMACK64MMAP
[    0.617180] evm: security.ima
[    0.632707] evm: security.capability
[    0.644081] clocksource: jiffies: mask: 0xffffffff max_cycles: 0xffffffff, max_idle_ns: 7645041785100000 ns
[    0.645696] futex hash table entries: 512 (order: 3, 32768 bytes)
[    0.646786] pinctrl core: initialized pinctrl subsystem
[    0.647895] RTC time:  3:13:34, date: 08/15/17
[    0.649352] NET: Registered protocol family 16
[    0.680015] cpuidle: using governor ladder
[    0.700176] cpuidle: using governor menu
[    0.701612] PCCT header not found.
[    0.702956] ACPI: bus type PCI registered
[    0.704437] acpiphp: ACPI Hot Plug PCI Controller Driver version: 0.5
[    0.706637] PCI: Using configuration type 1 for base access
[    0.720844] ACPI: Added _OSI(Module Device)
[    0.724961] ACPI: Added _OSI(Processor Device)
[    0.726835] ACPI: Added _OSI(3.0 _SCP Extensions)
[    0.729878] ACPI: Added _OSI(Processor Aggregator Device)
[    0.732981] ACPI: Executed 1 blocks of module-level executable AML code
[    0.736254] ACPI: Interpreter enabled
[    0.739685] ACPI: (supports S0 S5)
[    0.744003] ACPI: Using IOAPIC for interrupt routing
[    0.745006] PCI: Using host bridge windows from ACPI; if necessary, use "pci=nocrs" and report a bug
[    0.752262] ACPI: PCI Root Bridge [PCI0] (domain 0000 [bus 00-ff])
[    0.756490] acpi PNP0A03:00: _OSC: OS supports [ASPM ClockPM Segments MSI]
[    0.757552] acpi PNP0A03:00: _OSC failed (AE_NOT_FOUND); disabling ASPM
[    0.765525] acpi PNP0A03:00: fail to add MMCONFIG information, can't access extended PCI configuration space under this bridge.
[    0.769255] PCI host bridge to bus 0000:00
[    0.770180] pci_bus 0000:00: root bus resource [io  0x0000-0x0cf7 window]
[    0.771532] pci_bus 0000:00: root bus resource [io  0x0d00-0xffff window]
[    0.772917] pci_bus 0000:00: root bus resource [mem 0x000a0000-0x000bffff window]
[    0.774601] pci_bus 0000:00: root bus resource [mem 0x40000000-0xffdfffff window]
[    0.777324] pci_bus 0000:00: root bus resource [bus 00-ff]
[    0.779840] pci 0000:00:01.1: legacy IDE quirk: reg 0x10: [io  0x01f0-0x01f7]
[    0.781325] pci 0000:00:01.1: legacy IDE quirk: reg 0x14: [io  0x03f6]
[    0.782619] pci 0000:00:01.1: legacy IDE quirk: reg 0x18: [io  0x0170-0x0177]
[    0.784099] pci 0000:00:01.1: legacy IDE quirk: reg 0x1c: [io  0x0376]
[    0.809891] pci 0000:00:07.0: quirk: [io  0x4000-0x403f] claimed by PIIX4 ACPI
[    0.820580] pci 0000:00:07.0: quirk: [io  0x4100-0x410f] claimed by PIIX4 SMB
[    0.850198] ACPI: PCI Interrupt Link [LNKA] (IRQs 5 9 10 *11)
[    0.869229] ACPI: PCI Interrupt Link [LNKB] (IRQs 5 9 10 *11)
[    0.872988] ACPI: PCI Interrupt Link [LNKC] (IRQs 5 9 *10 11)
[    0.879824] ACPI: PCI Interrupt Link [LNKD] (IRQs 5 *9 10 11)
[    0.881297] ACPI: Enabled 2 GPEs in block 00 to 07
[    0.882588] vgaarb: setting as boot device: PCI:0000:00:02.0
[    0.897821] vgaarb: device added: PCI:0000:00:02.0,decodes=io+mem,owns=io+mem,locks=none
[    0.904526] vgaarb: loaded
[    0.905095] vgaarb: bridge control possible 0000:00:02.0
[    0.931837] SCSI subsystem initialized
[    0.938013] ACPI: bus type USB registered
[    0.938773] usbcore: registered new interface driver usbfs
[    0.939680] usbcore: registered new interface driver hub
[    0.940594] usbcore: registered new device driver usb
[    0.977610] PCI: Using ACPI for IRQ routing
[    0.978678] NetLabel: Initializing
[    0.979339] NetLabel:  domain hash size = 128
[    0.999364] NetLabel:  protocols = UNLABELED CIPSOv4
[    1.000255] NetLabel:  unlabeled traffic allowed by default
[    1.001356] amd_nb: Cannot enumerate AMD northbridges
[    1.002264] clocksource: Switched to clocksource kvm-clock
[    1.010455] AppArmor: AppArmor Filesystem Enabled
[    1.039526] pnp: PnP ACPI init
[    1.040869] pnp: PnP ACPI: found 3 devices
[    1.051250] clocksource: acpi_pm: mask: 0xffffff max_cycles: 0xffffff, max_idle_ns: 2085701024 ns
[    1.060289] NET: Registered protocol family 2
[    1.062920] TCP established hash table entries: 8192 (order: 4, 65536 bytes)
[    1.109502] TCP bind hash table entries: 8192 (order: 5, 131072 bytes)
[    1.110545] TCP: Hash tables configured (established 8192 bind 8192)
[    1.112146] UDP hash table entries: 512 (order: 2, 16384 bytes)
[    1.134747] UDP-Lite hash table entries: 512 (order: 2, 16384 bytes)
[    1.136089] NET: Registered protocol family 1
[    1.137048] pci 0000:00:00.0: Limiting direct PCI/PCI transfers
[    1.163934] pci 0000:00:01.0: Activating ISA DMA hang workarounds
[    1.218447] Unpacking initramfs...
[    2.982475] Freeing initrd memory: 10836K (ffff880036ac6000 - ffff88003755b000)
[    3.154938] RAPL PMU detected, API unit is 2^-32 Joules, 3 fixed counters 10737418240 ms ovfl timer
[    3.159388] hw unit of domain pp0-core 2^-0 Joules
[    3.160211] hw unit of domain package 2^-0 Joules
[    3.162928] hw unit of domain pp1-gpu 2^-0 Joules
[    3.163797] platform rtc_cmos: registered platform RTC device (no PNP device found)
[    3.165207] Scanning for low memory corruption every 60 seconds
[    3.166770] audit: initializing netlink subsys (disabled)
[    3.168322] audit: type=2000 audit(1502766821.009:1): initialized
[    3.176824] Initialise system trusted keyring
[    3.179254] HugeTLB registered 2 MB page size, pre-allocated 0 pages
[    3.181737] zbud: loaded
[    3.182671] VFS: Disk quotas dquot_6.6.0
[    3.183466] VFS: Dquot-cache hash table entries: 512 (order 0, 4096 bytes)
[    3.184804] squashfs: version 4.0 (2009/01/31) Phillip Lougher
[    3.186060] fuse init (API version 7.23)
[    3.186982] Key type big_key registered
[    3.187713] Allocating IMA MOK and blacklist keyrings.
[    3.190163] Key type asymmetric registered
[    3.190977] Asymmetric key parser 'x509' registered
[    3.191856] Block layer SCSI generic (bsg) driver version 0.4 loaded (major 249)
[    3.193256] io scheduler noop registered
[    3.194006] io scheduler deadline registered (default)
[    3.199340] io scheduler cfq registered
[    3.200166] pci_hotplug: PCI Hot Plug PCI Core version: 0.5
[    3.201101] pciehp: PCI Express Hot Plug Controller Driver version: 0.4
[    3.203951] ACPI: AC Adapter [AC] (off-line)
[    3.204777] input: Power Button as /devices/LNXSYSTM:00/LNXPWRBN:00/input/input0
[    3.206102] ACPI: Power Button [PWRF]
[    3.206916] input: Sleep Button as /devices/LNXSYSTM:00/LNXSLPBN:00/input/input1
[    3.208252] ACPI: Sleep Button [SLPF]
[    3.209718] ACPI: Battery Slot [BAT0] (battery present)
[    3.210629] GHES: HEST is not enabled!
[    3.211510] Serial: 8250/16550 driver, 32 ports, IRQ sharing enabled
[    3.234267] 00:02: ttyS0 at I/O 0x3f8 (irq = 4, base_baud = 115200) is a 16550A
[    3.251676] Linux agpgart interface v0.103
[    3.258991] loop: module loaded
[    3.266132] scsi host0: ata_piix
[    3.267120] scsi host1: ata_piix
[    3.267953] ata1: PATA max UDMA/33 cmd 0x1f0 ctl 0x3f6 bmdma 0xd000 irq 14
[    3.269372] ata2: PATA max UDMA/33 cmd 0x170 ctl 0x376 bmdma 0xd008 irq 15
[    3.270931] libphy: Fixed MDIO Bus: probed
[    3.318489] tun: Universal TUN/TAP device driver, 1.6
[    3.327273] tun: (C) 1999-2004 Max Krasnyansky <maxk@qualcomm.com>
[    3.329706] PPP generic driver version 2.4.2
[    3.330530] ehci_hcd: USB 2.0 'Enhanced' Host Controller (EHCI) Driver
[    3.331607] ehci-pci: EHCI PCI platform driver
[    3.332407] ehci-platform: EHCI generic platform driver
[    3.333286] ohci_hcd: USB 1.1 'Open' Host Controller (OHCI) Driver
[    3.334272] ohci-pci: OHCI PCI platform driver
[    3.335101] ohci-platform: OHCI generic platform driver
[    3.335989] uhci_hcd: USB Universal Host Controller Interface driver
[    3.337055] i8042: PNP: PS/2 Controller [PNP0303:PS2K,PNP0f03:PS2M] at 0x60,0x64 irq 1,12
[    3.338996] serio: i8042 KBD port at 0x60,0x64 irq 1
[    3.339869] serio: i8042 AUX port at 0x60,0x64 irq 12
[    3.340849] mousedev: PS/2 mouse device common for all mice
[    3.342389] input: AT Translated Set 2 keyboard as /devices/platform/i8042/serio0/input/input2
[    3.344067] rtc_cmos rtc_cmos: rtc core: registered rtc_cmos as rtc0
[    3.348485] rtc_cmos rtc_cmos: alarms up to one day, 114 bytes nvram
[    3.349526] i2c /dev entries driver
[    3.350253] device-mapper: uevent: version 1.0.3
[    3.359563] device-mapper: ioctl: 4.34.0-ioctl (2015-10-28) initialised: dm-devel@redhat.com
[    3.361031] ledtrig-cpu: registered to indicate activity on CPUs
[    3.362560] NET: Registered protocol family 10
[    3.363623] NET: Registered protocol family 17
[    3.364438] Key type dns_resolver registered
[    3.365372] microcode: CPU0 sig=0x206a7, pf=0x10, revision=0x0
[    3.366770] microcode: CPU1 sig=0x206a7, pf=0x10, revision=0x0
[    3.367762] microcode: Microcode Update Driver: v2.01 <tigran@aivazian.fsnet.co.uk>, Peter Oruba
[    3.369428] registered taskstats version 1
[    3.370192] Loading compiled-in X.509 certificates
[    3.379129] Loaded X.509 cert 'Build time autogenerated kernel key: 0777615d5208f86b8b4bd2fb3aecc97a191f2831'
[    3.385939] zswap: loaded using pool lzo/zbud
[    3.389839] Key type trusted registered
[    3.505473] Key type encrypted registered
[    3.523956] AppArmor: AppArmor sha1 policy hashing enabled
[    3.525560] ima: No TPM chip found, activating TPM-bypass!
[    3.536749] evm: HMAC attrs: 0x1
[    3.582922]   Magic number: 13:621:209
[    3.583948] rtc_cmos rtc_cmos: setting system clock to 2017-08-15 03:13:37 UTC (1502766817)
[    3.592952] BIOS EDD facility v0.16 2004-Jun-25, 0 devices oound
[    3.709300] EDD information not available.
[    3.729806] Freeing unused kernel memory: 1488K (ffffffff81f45000 - ffffffff820b9000)
[    3.734405] Write protecting the kernel read-only data: 14336k
[    3.736381] Freeing unused kernel memory: 1752K (ffff88000184a000 - ffff880001a00000)
[    3.889851] Freeing unused kernel memory: 112K (ffff880001de4000 - ffff880001e00000)
Loading, please wait...
starting version[    3.978017] random: systemd-udevd: uninitialized urandom read (16 bytes read, 2 bits of entropy available)
 229
[    3.979056] random: udevadm: uninitialized urandom read (16 bytes read, 2 bits of entropy available)
[    3.979114] random: udevadm: uninitialized urandom read (16 bytes read, 2 bits of entropy available)
[    3.979309] random: udevadm: uninitialized urandom read (16 bytes read, 2 bits of entropy available)
[    3.979387] random: udevadm: uninitialized urandom read (16 bytes read, 2 bits of entropy available)
[    3.979490] random: udevadm: uninitialized urandom read (16 bytes read, 2 bits of entropy available)
[    3.979565] random: udevadm: uninitialized urandom read (16 bytes read, 2 bits of entropy available)
[    3.979643] random: udevadm: uninitialized urandom read (16 bytes read, 2 bits of entropy available)
[    3.979716] random: udevadm: uninitialized urandom read (16 bytes read, 2 bits of entropy available)
[    3.979790] random: udevadm: uninitialized urandom read (16 bytes read, 2 bits of entropy available)
[    4.170468] tsc: Refined TSC clocksource calibration: 2490.779 MHz
[    4.173678] clocksource: tsc: mask: 0xffffffffffffffff max_cycles: 0x23e7332d732, max_idle_ns: 440795241872 ns
[    4.193714] e1000: Intel(R) PRO/1000 Network Driver - version 7.3.21-k8-NAPI
[    4.229755] e1000: Copyright (c) 1999-2006 Intel Corporation.
[    4.237837] Fusion MPT base driver 3.04.20
[    4.348626] Copyright (c) 1999-2008 LSI Corporation
[    4.358354] Fusion MPT SPI Host driver 3.04.20
[    4.382171] AVX version of gcm_enc/dec engaged.
[    4.393702] AES CTR mode by8 optimization enabled
[    4.552880] input: ImExPS/2 Generic Explorer Mouse as /devices/platform/i8042/serio1/input/input4
[    4.714831] e1000 0000:00:03.0 eth0: (PCI:33MHz:32-bit) 02:50:7f:03:3f:72
[    4.721506] e1000 0000:00:03.0 eth0: Intel(R) PRO/1000 Network Connection
[    5.068265] e1000 0000:00:08.0 eth1: (PCI:33MHz:32-bit) 08:00:27:b8:14:4e
[    5.094819] e1000 0000:00:08.0 eth1: Intel(R) PRO/1000 Network Connection
[    5.442018] e1000 0000:00:09.0 eth2: (PCI:33MHz:32-bit) 08:00:27:33:e8:75
[    5.513291] e1000 0000:00:09.0 eth2: Intel(R) PRO/1000 Network Connection
[    5.886167] e1000 0000:00:0a.0 eth3: (PCI:33MHz:32-bit) 08:00:27:b9:44:ed
[    5.895315] e1000 0000:00:0a.0 eth3: Intel(R) PRO/1000 Network Connection
[    5.899042] e1000 0000:00:03.0 enp0s3: renamed from eth0
[    5.923013] mptbase: ioc0: Initiating bringup
[    5.950704] e1000 0000:00:08.0 enp0s8: renamed from eth1
[    5.978731] e1000 0000:00:09.0 enp0s9: renamed from eth2
[    5.998526] e1000 0000:00:0a.0 enp0s10: renamed from eth3
[    6.010592] ioc0: LSI53C1030 A0: Capabilities={Initiator}
[    6.175796] scsi host2: ioc0: LSI53C1030 A0, FwRev=00000000h, Ports=1, MaxQ=256, IRQ=20
[    6.307676] scsi 2:0:0:0: Direct-Access     VBOX     HARDDISK         1.0  PQ: 0 ANSI: 5
[    6.339796] scsi target2:0:0: Beginning Domain Validation
[    6.348675] scsi target2:0:0: Domain Validation skipping write tests
[    6.352421] scsi target2:0:0: Ending Domain Validation
[    6.353432] scsi target2:0:0: asynchronous
[    6.356540] scsi 2:0:1:0: Direct-Access     VBOX     HARDDISK         1.0  PQ: 0 ANSI: 5
[    6.360246] scsi target2:0:1: Beginning Domain Validation
[    6.363391] scsi target2:0:1: Domain Validation skipping write tests
[    6.364392] scsi target2:0:1: Ending Domain Validation
[    6.365354] scsi target2:0:1: asynchronous
[    6.374185] sd 2:0:0:0: Attached scsi generic sg0 type 0
[    6.669796] sd 2:0:1:0: Attached scsi generic sg1 type 0
[    6.670051] sd 2:0:0:0: [sda] 20971520 512-byte logical blocks: (10.7 GB/10.0 GiB)
[    6.670198] sd 2:0:0:0: [sda] Write Protect is off
[    6.670292] sd 2:0:0:0: [sda] Incomplete mode parameter data
[    6.670293] sd 2:0:0:0: [sda] Assuming drive cache: write through
[    6.679830] sd 2:0:1:0: [sdb] 20480 512-byte logical blocks: (10.5 MB/10.0 MiB)
[    6.680058] sd 2:0:1:0: [sdb] Write Protect is off
[    6.680176] sd 2:0:1:0: [sdb] Incomplete mode parameter data
[    6.680177] sd 2:0:1:0: [sdb] Assuming drive cache: write through
[    6.681100]  sda: sda1
[    6.681962] sd 2:0:0:0: [sda] Attached SCSI disk
[    6.682850] sd 2:0:1:0: [sdb] Attached SCSI disk
[    7.375099] floppy0: no floppy controllers found
Begin: Loading e[    8.751228] md: linear personality registered for level -1
ssential drivers ... [    8.852393] md: multipath personality registered for level -4
[    8.858016] md: raid0 personality registered for level 0
[    8.873665] md: raid1 personality registered for level 1
[    8.958301] raid6: sse2x1   gen()  8013 MB/s
[    9.034335] raid6: sse2x1   xor()  6018 MB/s
[    9.114302] raid6: sse2x2   gen()  8981 MB/s
[    9.206322] raid6: sse2x2   xor()  7194 MB/s
[    9.286294] raid6: sse2x4   gen() 11550 MB/s
[    9.394280] raid6: sse2x4   xor()  8445 MB/s
[    9.428180] raid6: using algorithm sse2x4 gen() 11550 MB/s
[    9.457045] raid6: .... xor() 8445 MB/s, rmw enabled
[    9.458092] raid6: using ssse3x2 recovery algorithm
[    9.461913] xor: automatically using best checksumming function:
[    9.602402]    avx       : 17701.000 MB/sec
[    9.612021] async_tx: api initialized (async)
[    9.672365] md: raid6 personality registered for level 6
[    9.755795] md: raid5 personality registered for level 5
[    9.762204] md: raid4 personality registered for level 4
[    9.771706] md: raid10 personality registered for level 10
done.
Begin: Running /scripts/init-premount ... done.
Begin: Mounting root file system ... Begin: Running /scripts/local-top ... done.
Begin: Running /scripts/local-[    9.876738] Btrfs loaded
premount ... Scanning for Btrfs filesystems
done.
Warning: fsck not present, so skipping root file system
[    9.941659] EXT4-fs (sda1): mounted filesystem with ordered data mode. Opts: (null)
done.
Begin: Running /scripts/local-bottom ... done.
Begin: Running /scripts/init-bottom ... done.
[   10.116691] systemd[1]: systemd 229 running in system mode. (+PAM +AUDIT +SELINUX +IMA +APPARMOR +SMACK +SYSVINIT +UTMP +LIBCRYPTSETUP +GCRYPT +GNUTLS +ACL +XZ -LZ4 +SECCOMP +BLKID +ELFUTILS +KMOD -IDN)
[   10.124986] systemd[1]: Detected virtualization oracle.
[   10.130218] systemd[1]: Detected architecture x86-64.

Welcome to [1mUbuntu 16.04.3 LTS[0m!

[   10.136399] systemd[1]: Set hostname to <ubuntu>.
[   10.157600] systemd[1]: Initializing machine ID from random generator.
[   10.170643] systemd[1]: Installed transient /etc/machine-id file.
[   10.373992] systemd[1]: Started Forward Password Requests to Wall Directory Watch.
[[0;32m  OK  [0m] Started Forward Password Requests to Wall Directory Watch.
[   10.383159] systemd[1]: Set up automount Arbitrary Executable File Formats File System Automount Point.
[[0;32m  OK  [0m] Set up automount Arbitrary Executab...ats File System Automount Point.
[   10.465700] systemd[1]: Listening on LVM2 poll daemon socket.
[[0;32m  OK  [0m] Listening on LVM2 poll daemon socket.
[   10.470843] systemd[1]: Listening on Journal Audit Socket.
[[0;32m  OK  [0m] Listening on Journal Audit Socket.
[   10.473299] systemd[1]: Started Trigger resolvconf update for networkd DNS.
[[0;32m  OK  [0m] Started Trigger resolvconf update for networkd DNS.
[   10.476269] systemd[1]: Listening on Device-mapper event daemon FIFOs.
[[0;32m  OK  [0m] Listening on Device-mapper event daemon FIFOs.
[   10.479050] systemd[1]: Reached target Swap.
[[0;32m  OK  [0m] Reached target Swap.
[   10.481120] systemd[1]: Reached target User and Group Name Lookups.
[[0;32m  OK  [0m] Reached target User and Group Name Lookups.
[   10.487025] systemd[1]: Created slice User and Session Slice.
[[0;32m  OK  [0m] Created slice User and Session Slice.
[   10.489710] systemd[1]: Listening on LVM2 metadata daemon socket.
[[0;32m  OK  [0m] Listening on LVM2 metadata daemon socket.
[   10.495900] systemd[1]: Listening on udev Control Socket.
[[0;32m  OK  [0m] Listening on udev Control Socket.
[   10.498335] systemd[1]: Listening on udev Kernel Socket.
[[0;32m  OK  [0m] Listening on udev Kernel Socket.
[   10.502650] systemd[1]: Listening on Journal Socket.
[[0;32m  OK  [0m] Listening on Journal Socket.
[   10.505150] systemd[1]: Created slice System Slice.
[[0;32m  OK  [0m] Created slice System Slice.
[   10.522786] systemd[1]: Starting Load Kernel Modules...
         Starting Load Ke[   10.544119] Loading iSCSI transport class v2.0-870.
rnel Modules...
[   10.550623] systemd[1]: Starting Create list of required static device nodes for the current kernel...
         [   10.609778] iscsi: registered transport (tcp)
Starting Create list of required st... nodes for the current kernel...
[   10.766810] systemd[1]: Starting Remount Root and Kernel File Systems...
         [   10.776253] iscsi: registered transport (iser)
Starting Remount Root and Kernel File Systems...[   10.811019] EXT4-fs (sda1): re-mounted. Opts: (null)

[   10.939708] systemd[1]: Reached target Slices.
[[0;32m  OK  [0m] Reached target Slices.
[   10.958685] systemd[1]: Starting Uncomplicated firewall...
         Starting Uncomplicated firewall...
[   10.998703] systemd[1]: Mounting POSIX Message Queue File System...
         Mounting POSIX Message Queue File System...
[   11.087812] systemd[1]: Created slice system-serial\x2dgetty.slice.
[[0;32m  OK  [0m] Created slice system-serial\x2dgetty.slice.
[   11.134524] systemd[1]: Mounting Huge Pages File System...
         Mounting Huge Pages File System...
[   11.226619] systemd[1]: Starting Monitoring of LVM2 mirrors, snapshots etc. using dmeventd or progress polling...
         Starting Monitoring of LVM2 mirrors... dmeventd or progress polling...
[   11.294872] systemd[1]: Reached target Encrypted Volumes.
[[0;32m  OK  [0m] Reached target Encrypted Volumes.
[   11.303400] systemd[1]: Listening on Journal Socket (/dev/log).
[[0;32m  OK  [0m] Listening on Journal Socket (/dev/log).
[   11.322914] systemd[1]: Mounting Debug File System...
         Mounting Debug File System...
[   11.348578] systemd[1]: Listening on Syslog Socket.
[[0;32m  OK  [0m] Listening on Syslog Socket.
[   11.352281] systemd[1]: Starting Journal Service...
[   11.399985] random: nonblocking pool is initialized
         Starting Journal Service...
[   11.414823] systemd[1]: Starting Set console keymap...
         Starting Set console keymap...
[   11.457451] systemd[1]: Listening on /dev/initctl Compatibility Named Pipe.
[[0;32m  OK  [0m] Listening on /dev/initctl Compatibility Named Pipe.
[   11.463295] systemd[1]: Starting Nameserver information manager...
         Starting Nameserver information manager...
[   11.476131] systemd[1]: Mounted Huge Pages File System.
[[0;32m  OK  [0m] Mounted Huge Pages File System.
[   11.691563] systemd[1]: Mounted Debug File System.
[[0;32m  OK  [0m] Mounted Debug File System.
[   11.698118] systemd[1]: Mounted POSIX Message Queue File System.
[[0;32m  OK  [0m] Mounted POSIX Message Queue File System.
[   11.702019] systemd[1]: Started Journal Service.
[[0;32m  OK  [0m] Started Journal Service.
[[0;32m  OK  [0m] Started Load Kernel Modules.
[[0;32m  OK  [0m] Started Create list of required sta...ce nodes for the current kernel.
[[0;32m  OK  [0m] Started Remount Root and Kernel File Systems.
[[0;32m  OK  [0m] Started Uncomplicated firewall.
[[0;32m  OK  [0m] Started Set console keymap.
[[0;32m  OK  [0m] Started Nameserver information manager.
[[0;32m  OK  [0m] Started LVM2 metadata daemon.
         Starting Initial cloud-init job (pre-networking)...
         Starting Load/Save Random Seed...
         Starting udev Coldplug all Devices...
         Starting Create Static Device Nodes in /dev...
         Mounting FUSE Control File System...
         Starting Apply Kernel Variables...
         Starting Flush Journal to Persistent Storage...
[[0;32m  OK  [0m] Mounted FUSE Control File System.
[[0;32m  OK  [0m] Started Load/Save Random Seed.
[[0;32m  OK  [0m] Started Create Static Device Nodes in /dev.
[[0;32m  OK  [0m] Started Apply Kernel Variables.
[[0;32m  OK  [0m] Started udev Coldplug all Devices.
[[0;32m  OK  [0m] Started Flush Journal to Persistent Storage.
         Starting udev Kernel Device Manager...
[[0;32m  OK  [0m] Started udev Kernel Device Manager.
[[0;32m  OK  [0m] Started Dispatch Password Requests to Console Directory Watch.
[[0;32m  OK  [0m] Started Monitoring of LVM2 mirrors,...ng dmeventd or progress polling.
[[0;32m  OK  [0m] Reached target Local File Systems (Pre).
[[0;32m  OK  [0m] Reached target Local File Systems.
         Starting Tell Plymouth To Write Out Runtime Data...
         Starting LSB: AppArmor initialization...
         Starting Set console font and keymap...
         Starting Create Volatile Files and Directories...
         Starting Commit a transient machine-id on disk...
[[0;32m  OK  [0m] Started Tell Plymouth To Write Out Runtime Data.
[[0;32m  OK  [0m] Started Create Volatile Files and Directories.
[[0;32m  OK  [0m] Started Commit a transient machine-id on disk.
[[0;32m  OK  [0m] Found device /dev/ttyS0.
         Starting Update UTMP about System Boot/Shutdown...
[[0;32m  OK  [0m] Reached target System Time Synchronized.
[[0;32m  OK  [0m] Started Update UTMP about System Boot/Shutdown.
[[0;32m  OK  [0m] Listening on Load/Save RF Kill Switch Status /dev/rfkill Watch.
[[0;32m  OK  [0m] Started Set console font and keymap.
[   12.673060] cloud-init[443]: Cloud-init v. 0.7.9 running 'init-local' at Tue, 15 Aug 2017 03:13:46 +0000. Up 12.27 seconds.
[[0;32m  OK  [0m] Created slice system-getty.slice.
[[0;32m  OK  [0m] Started Initial cloud-init job (pre-networking).
[[0;32m  OK  [0m] Started LSB: AppArmor initialization.
[[0;32m  OK  [0m] Reached target Network (Pre).
         Starting Raise network interfaces...
[[0m[0;31m*     [0m] A start job is running for Raise network interfaces (8s / 5min 4s)[K[[0;1;31m*[0m[0;31m*    [0m] A start job is running for Raise network interfaces (9s / 5min 4s)[K[[0;31m*[0;1;31m*[0m[0;31m*   [0m] A start job is running for Raise network interfaces (9s / 5min 4s)[K[ [0;31m*[0;1;31m*[0m[0;31m*  [0m] A start job is running for Raise network interfaces (10s / 5min 4s)[K[  [0;31m*[0;1;31m*[0m[0;31m* [0m] A start job is running for Raise network interfaces (11s / 5min 4s)[K[   [0;31m*[0;1;31m*[0m[0;31m*[0m] A start job is running for Raise network interfaces (11s / 5min 4s)[K[    [0;31m*[0;1;31m*[0m] A start job is running for Raise network interfaces (12s / 5min 4s)[K[     [0;31m*[0m] A start job is running for Raise network interfaces (13s / 5min 4s)[K[    [0;31m*[0;1;31m*[0m] A start job is running for Raise network interfaces (13s / 5min 4s)[K[   [0;31m*[0;1;31m*[0m[0;31m*[0m] A start job is running for Raise network interfaces (14s / 5min 4s)[K[  [0;31m*[0;1;31m*[0m[0;31m* [0m] A start job is running for Raise network interfaces (15s / 5min 4s)[K[ [0;31m*[0;1;31m*[0m[0;31m*  [0m] A start job is running for Raise network interfaces (15s / 5min 4s)[K[[0;31m*[0;1;31m*[0m[0;31m*   [0m] A start job is running for Raise network interfaces (16s / 5min 4s)